[ 81% 81844/100574] //frameworks/base/tools/validatekeymaps:validatekeymaps link validatekeymaps [da
clang-9: warning: argument unused during compilation: '-pie' [-Wunused-command-line-argument]
[ 81% 81857/100574] //external/v8:v8_torque link v8_torque [darwin]
clang-9: warning: argument unused during compilation: '-pie' [-Wunused-command-line-argument]
[ 81% 81875/100574] //system/sepolicy/tools:version_policy link version_policy [darwin]
clang-9: warning: argument unused during compilation: '-pie' [-Wunused-command-line-argument]
[ 81% 81890/100574] build out/target/product/marlin/obj/ETC/plat_sepolicy_and_mapping.sha256_interme
/bin/bash: sha256sum: command not found
[ 81% 81921/100574] build out/target/product/marlin/obj/ETC/sepolicy_tests_intermediates/sepolicy_te
FAILED: out/target/product/marlin/obj/ETC/sepolicy_tests_intermediates/sepolicy_tests
/bin/bash -c "(out/host/darwin-x86/bin/sepolicy_tests -l out/host/darwin-x86/lib64/libsepolwrap.dylib 		 -f out/target/product/marlin/obj/ETC/plat_file_contexts_intermediates/plat_file_contexts  -f out/target/product/marlin/obj/ETC/vendor_file_contexts_intermediates/vendor_file_contexts  -p out/target/product/marlin/obj/ETC/sepolicy_intermediates/sepolicy ) && (touch out/target/product/marlin/obj/ETC/sepolicy_tests_intermediates/sepolicy_tests )"
/bin/bash: line 1: 96092 Segmentation fault: 11  ( out/host/darwin-x86/bin/sepolicy_tests -l out/host/darwin-x86/lib64/libsepolwrap.dylib -f out/target/product/marlin/obj/ETC/plat_file_contexts_intermediates/plat_file_contexts -f out/target/product/marlin/obj/ETC/vendor_file_contexts_intermediates/vendor_file_contexts -p out/target/product/marlin/obj/ETC/sepolicy_intermediates/sepolicy )
[ 81% 81922/100574] build out/target/product/marlin/obj/ETC/treble_sepolicy_tests_28.0_intermediates
FAILED: out/target/product/marlin/obj/ETC/treble_sepolicy_tests_28.0_intermediates/treble_sepolicy_tests_28.0
/bin/bash -c "(out/host/darwin-x86/bin/treble_sepolicy_tests -l 		out/host/darwin-x86/lib64/libsepolwrap.dylib  -f out/target/product/marlin/obj/ETC/plat_file_contexts_intermediates/plat_file_contexts  -f out/target/product/marlin/obj/ETC/vendor_file_contexts_intermediates/vendor_file_contexts 		-b out/target/product/marlin/obj/ETC/built_plat_sepolicy_intermediates/built_plat_sepolicy -m out/target/product/marlin/obj/ETC/treble_sepolicy_tests_28.0_intermediates/28.0_mapping.combined.cil 		-o out/target/product/marlin/obj/ETC/treble_sepolicy_tests_28.0_intermediates/built_28.0_plat_sepolicy -p out/target/product/marlin/obj/ETC/sepolicy_intermediates/sepolicy 	    	-u out/target/product/marlin/obj/ETC/built_plat_sepolicy_intermediates/base_plat_pub_policy.cil 		--fake-treble ) && (touch out/target/product/marlin/obj/ETC/treble_sepolicy_tests_28.0_intermediates/treble_sepolicy_tests_28.0 )"
/bin/bash: line 1: 96106 Segmentation fault: 11  ( out/host/darwin-x86/bin/treble_sepolicy_tests -l out/host/darwin-x86/lib64/libsepolwrap.dylib -f out/target/product/marlin/obj/ETC/plat_file_contexts_intermediates/plat_file_contexts -f out/target/product/marlin/obj/ETC/vendor_file_contexts_intermediates/vendor_file_contexts -b out/target/product/marlin/obj/ETC/built_plat_sepolicy_intermediates/built_plat_sepolicy -m out/target/product/marlin/obj/ETC/treble_sepolicy_tests_28.0_intermediates/28.0_mapping.combined.cil -o out/target/product/marlin/obj/ETC/treble_sepolicy_tests_28.0_intermediates/built_28.0_plat_sepolicy -p out/target/product/marlin/obj/ETC/sepolicy_intermediates/sepolicy -u out/target/product/marlin/obj/ETC/built_plat_sepolicy_intermediates/base_plat_pub_policy.cil --fake-treble )
[ 81% 81923/100574] build out/target/product/marlin/obj/ETC/treble_sepolicy_tests_26.0_intermediates
FAILED: out/target/product/marlin/obj/ETC/treble_sepolicy_tests_26.0_intermediates/treble_sepolicy_tests_26.0
/bin/bash -c "(out/host/darwin-x86/bin/treble_sepolicy_tests -l 		out/host/darwin-x86/lib64/libsepolwrap.dylib  -f out/target/product/marlin/obj/ETC/plat_file_contexts_intermediates/plat_file_contexts  -f out/target/product/marlin/obj/ETC/vendor_file_contexts_intermediates/vendor_file_contexts 		-b out/target/product/marlin/obj/ETC/built_plat_sepolicy_intermediates/built_plat_sepolicy -m out/target/product/marlin/obj/ETC/treble_sepolicy_tests_26.0_intermediates/26.0_mapping.combined.cil 		-o out/target/product/marlin/obj/ETC/treble_sepolicy_tests_26.0_intermediates/built_26.0_plat_sepolicy -p out/target/product/marlin/obj/ETC/sepolicy_intermediates/sepolicy 	    	-u out/target/product/marlin/obj/ETC/built_plat_sepolicy_intermediates/base_plat_pub_policy.cil 		--fake-treble ) && (touch out/target/product/marlin/obj/ETC/treble_sepolicy_tests_26.0_intermediates/treble_sepolicy_tests_26.0 )"
/bin/bash: line 1: 96097 Segmentation fault: 11  ( out/host/darwin-x86/bin/treble_sepolicy_tests -l out/host/darwin-x86/lib64/libsepolwrap.dylib -f out/target/product/marlin/obj/ETC/plat_file_contexts_intermediates/plat_file_contexts -f out/target/product/marlin/obj/ETC/vendor_file_contexts_intermediates/vendor_file_contexts -b out/target/product/marlin/obj/ETC/built_plat_sepolicy_intermediates/built_plat_sepolicy -m out/target/product/marlin/obj/ETC/treble_sepolicy_tests_26.0_intermediates/26.0_mapping.combined.cil -o out/target/product/marlin/obj/ETC/treble_sepolicy_tests_26.0_intermediates/built_26.0_plat_sepolicy -p out/target/product/marlin/obj/ETC/sepolicy_intermediates/sepolicy -u out/target/product/marlin/obj/ETC/built_plat_sepolicy_intermediates/base_plat_pub_policy.cil --fake-treble )
[ 81% 81924/100574] build out/target/product/marlin/obj/ETC/treble_sepolicy_tests_27.0_intermediates
FAILED: out/target/product/marlin/obj/ETC/treble_sepolicy_tests_27.0_intermediates/treble_sepolicy_tests_27.0
/bin/bash -c "(out/host/darwin-x86/bin/treble_sepolicy_tests -l 		out/host/darwin-x86/lib64/libsepolwrap.dylib  -f out/target/product/marlin/obj/ETC/plat_file_contexts_intermediates/plat_file_contexts  -f out/target/product/marlin/obj/ETC/vendor_file_contexts_intermediates/vendor_file_contexts 		-b out/target/product/marlin/obj/ETC/built_plat_sepolicy_intermediates/built_plat_sepolicy -m out/target/product/marlin/obj/ETC/treble_sepolicy_tests_27.0_intermediates/27.0_mapping.combined.cil 		-o out/target/product/marlin/obj/ETC/treble_sepolicy_tests_27.0_intermediates/built_27.0_plat_sepolicy -p out/target/product/marlin/obj/ETC/sepolicy_intermediates/sepolicy 	    	-u out/target/product/marlin/obj/ETC/built_plat_sepolicy_intermediates/base_plat_pub_policy.cil 		--fake-treble ) && (touch out/target/product/marlin/obj/ETC/treble_sepolicy_tests_27.0_intermediates/treble_sepolicy_tests_27.0 )"
/bin/bash: line 1: 96104 Segmentation fault: 11  ( out/host/darwin-x86/bin/treble_sepolicy_tests -l out/host/darwin-x86/lib64/libsepolwrap.dylib -f out/target/product/marlin/obj/ETC/plat_file_contexts_intermediates/plat_file_contexts -f out/target/product/marlin/obj/ETC/vendor_file_contexts_intermediates/vendor_file_contexts -b out/target/product/marlin/obj/ETC/built_plat_sepolicy_intermediates/built_plat_sepolicy -m out/target/product/marlin/obj/ETC/treble_sepolicy_tests_27.0_intermediates/27.0_mapping.combined.cil -o out/target/product/marlin/obj/ETC/treble_sepolicy_tests_27.0_intermediates/built_27.0_plat_sepolicy -p out/target/product/marlin/obj/ETC/sepolicy_intermediates/sepolicy -u out/target/product/marlin/obj/ETC/built_plat_sepolicy_intermediates/base_plat_pub_policy.cil --fake-treble )
03:32:14 ninja failed with: exit status 1